============================= test session starts ==============================
platform darwin -- Python 3.9.13, pytest-8.4.2, pluggy-1.6.0 -- /Users/corrine/miniconda3/bin/python3
cachedir: .pytest_cache
rootdir: /Users/corrine/Desktop/programming/Cursor/微信公众号自动化项目/V3
plugins: anyio-3.6.2
collecting ... collected 10 items

tests/test_article_extract.py::ArticleExtractTests::test_fallback_when_disabled PASSED [ 10%]
tests/test_article_extract.py::ArticleExtractTests::test_trafilatura_returns_substantial_text PASSED [ 20%]
tests/test_event_enhancement_hydrate.py::test_hydrate_adds_missing_cluster_members PASSED [ 30%]
tests/test_event_enhancement_hydrate.py::test_touch_updates_created_at PASSED [ 40%]
tests/test_published_at.py::test_rss_pubdate_non_rfc PASSED              [ 50%]
tests/test_published_at.py::test_parse_chinese_with_clock PASSED         [ 60%]
tests/test_published_at.py::test_parse_chinese_date_only PASSED          [ 70%]
tests/test_published_at.py::test_extract_faa_drupal_mb4 PASSED           [ 80%]
tests/test_published_at.py::test_qa_date_only_in_calendar_window PASSED  [ 90%]
tests/test_published_at.py::test_qa_full_timestamp_outside_hours PASSED  [100%]

============================== 10 passed in 0.27s ==============================
